0 silly argv {
0 silly argv   _: [ 'bootstrap' ],
0 silly argv   lernaVersion: '4.0.0',
0 silly argv   '$0': '/usr/local/bin/lerna'
0 silly argv }
1 notice cli v4.0.0
2 verbose rootPath /mnt/dev/global-chat
3 info versioning independent
4 error JSONError: Unexpected token "}" (0x7D) in JSON at position 198 while parsing near "...act\": \"^17.0.30\",\n  },\n  \"peerDependenci..." in packages/platform-apis/package.json
4 error
4 error [0m [90m  8 |[39m   [32m"devDependencies"[39m[33m:[39m {[0m
4 error [0m [90m  9 |[39m     [32m"@types/react"[39m[33m:[39m [32m"^17.0.30"[39m[33m,[39m[0m
4 error [0m[31m[1m>[22m[39m[90m 10 |[39m   }[33m,[39m[0m
4 error [0m [90m    |[39m   [31m[1m^[22m[39m[0m
4 error [0m [90m 11 |[39m   [32m"peerDependencies"[39m[33m:[39m {[0m
4 error [0m [90m 12 |[39m     [32m"@reduxjs/toolkit"[39m[33m:[39m [32m"^1.7.2"[39m[33m,[39m[0m
4 error [0m [90m 13 |[39m     [32m"react"[39m[33m:[39m [32m"^17.0.2"[39m[33m,[39m[0m
4 error
4 error     at parseJson (/mnt/dev/global-chat/node_modules/parse-json/index.js:29:21)
4 error     at parse (/mnt/dev/global-chat/node_modules/load-json-file/index.js:15:9)
4 error     at module.exports (/mnt/dev/global-chat/node_modules/load-json-file/index.js:18:47)
